Performing C SOURCE FILE Test CMAKE_HAVE_LIBC_PTHREAD failed with the following output:
Change Dir: /cs/usr/unixraz/OS/ex4/cmake-build-debug/CMakeFiles/CMakeTmp

Run Build Command(s):/usr/bin/make -f Makefile cmTC_44df7/fast && /usr/bin/make  -f CMakeFiles/cmTC_44df7.dir/build.make CMakeFiles/cmTC_44df7.dir/build
make[1]: Entering directory '/cs/usr/unixraz/OS/ex4/cmake-build-debug/CMakeFiles/CMakeTmp'
Building C object CMakeFiles/cmTC_44df7.dir/src.c.o
/usr/bin/cc -DCMAKE_HAVE_LIBC_PTHREAD   -o CMakeFiles/cmTC_44df7.dir/src.c.o -c /cs/usr/unixraz/OS/ex4/cmake-build-debug/CMakeFiles/CMakeTmp/src.c
Linking C executable cmTC_44df7
/usr/local/APP/jetbrains/clion/2021.2/bin/cmake/linux/bin/cmake -E cmake_link_script CMakeFiles/cmTC_44df7.dir/link.txt --verbose=1
/usr/bin/cc CMakeFiles/cmTC_44df7.dir/src.c.o -o cmTC_44df7 
/usr/bin/ld: CMakeFiles/cmTC_44df7.dir/src.c.o: in function `main':
src.c:(.text+0x2f): undefined reference to `pthread_create'
/usr/bin/ld: src.c:(.text+0x3b): undefined reference to `pthread_detach'
/usr/bin/ld: src.c:(.text+0x47): undefined reference to `pthread_cancel'
/usr/bin/ld: src.c:(.text+0x58): undefined reference to `pthread_join'
collect2: error: ld returned 1 exit status
make[1]: *** [CMakeFiles/cmTC_44df7.dir/build.make:99: cmTC_44df7] Error 1
make[1]: Leaving directory '/cs/usr/unixraz/OS/ex4/cmake-build-debug/CMakeFiles/CMakeTmp'
make: *** [Makefile:127: cmTC_44df7/fast] Error 2


Source file was:
#include <pthread.h>

static void* test_func(void* data)
{
  return data;
}

int main(void)
{
  pthread_t thread;
  pthread_create(&thread, NULL, test_func, NULL);
  pthread_detach(thread);
  pthread_cancel(thread);
  pthread_join(thread, NULL);
  pthread_atfork(NULL, NULL, NULL);
  pthread_exit(NULL);

  return 0;
}

Determining if the function pthread_create exists in the pthreads failed with the following output:
Change Dir: /cs/usr/unixraz/OS/ex4/cmake-build-debug/CMakeFiles/CMakeTmp

Run Build Command(s):/usr/bin/make -f Makefile cmTC_7b59f/fast && /usr/bin/make  -f CMakeFiles/cmTC_7b59f.dir/build.make CMakeFiles/cmTC_7b59f.dir/build
make[1]: Entering directory '/cs/usr/unixraz/OS/ex4/cmake-build-debug/CMakeFiles/CMakeTmp'
Building C object CMakeFiles/cmTC_7b59f.dir/CheckFunctionExists.c.o
/usr/bin/cc   -DCHECK_FUNCTION_EXISTS=pthread_create -o CMakeFiles/cmTC_7b59f.dir/CheckFunctionExists.c.o -c /usr/local/APP/jetbrains/clion/2021.2/bin/cmake/linux/share/cmake-3.20/Modules/CheckFunctionExists.c
Linking C executable cmTC_7b59f
/usr/local/APP/jetbrains/clion/2021.2/bin/cmake/linux/bin/cmake -E cmake_link_script CMakeFiles/cmTC_7b59f.dir/link.txt --verbose=1
/usr/bin/cc  -DCHECK_FUNCTION_EXISTS=pthread_create CMakeFiles/cmTC_7b59f.dir/CheckFunctionExists.c.o -o cmTC_7b59f  -lpthreads 
/usr/bin/ld: cannot find -lpthreads
collect2: error: ld returned 1 exit status
make[1]: *** [CMakeFiles/cmTC_7b59f.dir/build.make:99: cmTC_7b59f] Error 1
make[1]: Leaving directory '/cs/usr/unixraz/OS/ex4/cmake-build-debug/CMakeFiles/CMakeTmp'
make: *** [Makefile:127: cmTC_7b59f/fast] Error 2



